spark.perf.GroupBy,10,10,100000,100,100,202
spark.perf.GroupBy,10,10,100000,1000,100,213
spark.perf.GroupBy,10,10,100000,10000,100,219
spark.perf.GroupBy,10,10,1000000,100,100,716
spark.perf.GroupBy,10,10,1000000,1000,100,940
spark.perf.GroupBy,10,10,1000000,10000,100,849
spark.perf.GroupBy,10,10,10000000,100,100,7204
spark.perf.GroupBy,10,10,10000000,1000,100,5942
spark.perf.GroupBy,10,10,10000000,10000,100,6303
spark.perf.GroupBy,10,10,50000000,100,100,29580
spark.perf.GroupBy,10,10,50000000,1000,100,27234
spark.perf.GroupBy,10,10,50000000,10000,100,27112
spark.perf.GroupBy,10,10,100000000,100,100,70513
spark.perf.GroupBy,10,10,100000000,1000,100,74154
spark.perf.GroupBy,10,10,100000000,10000,100,72122
spark.perf.GroupBy,10,50,100000,100,100,307
spark.perf.GroupBy,10,50,100000,1000,100,351
spark.perf.GroupBy,10,50,100000,10000,100,404
spark.perf.GroupBy,10,50,1000000,100,100,762
spark.perf.GroupBy,10,50,1000000,1000,100,1038
spark.perf.GroupBy,10,50,1000000,10000,100,754
spark.perf.GroupBy,10,50,10000000,100,100,5731
spark.perf.GroupBy,10,50,10000000,1000,100,5779
spark.perf.GroupBy,10,50,10000000,10000,100,6116
spark.perf.GroupBy,10,50,50000000,100,100,24022
spark.perf.GroupBy,10,50,50000000,1000,100,23359
spark.perf.GroupBy,10,50,50000000,10000,100,22182
spark.perf.GroupBy,10,50,100000000,100,100,52092
spark.perf.GroupBy,10,50,100000000,1000,100,51689
spark.perf.GroupBy,10,50,100000000,10000,100,53103
spark.perf.GroupBy,10,500,100000,100,100,1215
spark.perf.GroupBy,10,500,100000,1000,100,1273
spark.perf.GroupBy,10,500,100000,10000,100,1224
spark.perf.GroupBy,10,500,1000000,100,100,1584
spark.perf.GroupBy,10,500,1000000,1000,100,1516
spark.perf.GroupBy,10,500,1000000,10000,100,1591
spark.perf.GroupBy,10,500,10000000,100,100,4676
spark.perf.GroupBy,10,500,10000000,1000,100,5444
spark.perf.GroupBy,10,500,10000000,10000,100,7714
spark.perf.GroupBy,10,500,50000000,100,100,21813
spark.perf.GroupBy,10,500,50000000,1000,100,25160
spark.perf.GroupBy,10,500,50000000,10000,100,23382
spark.perf.GroupBy,10,500,100000000,100,100,46238
spark.perf.GroupBy,10,500,100000000,1000,100,45698
spark.perf.GroupBy,10,500,100000000,10000,100,44660
spark.perf.GroupBy,50,10,100000,100,100,308
spark.perf.GroupBy,50,10,100000,1000,100,300
spark.perf.GroupBy,50,10,100000,10000,100,302
spark.perf.GroupBy,50,10,1000000,100,100,649
spark.perf.GroupBy,50,10,1000000,1000,100,684
spark.perf.GroupBy,50,10,1000000,10000,100,680
spark.perf.GroupBy,50,10,10000000,100,100,3305
spark.perf.GroupBy,50,10,10000000,1000,100,2338
spark.perf.GroupBy,50,10,10000000,10000,100,2427
spark.perf.GroupBy,50,10,50000000,100,100,12839
spark.perf.GroupBy,50,10,50000000,1000,100,12843
spark.perf.GroupBy,50,10,50000000,10000,100,12156
spark.perf.GroupBy,50,10,100000000,100,100,34834
spark.perf.GroupBy,50,10,100000000,1000,100,22878
spark.perf.GroupBy,50,10,100000000,10000,100,22593
spark.perf.GroupBy,50,50,100000,100,100,460
spark.perf.GroupBy,50,50,100000,1000,100,539
spark.perf.GroupBy,50,50,100000,10000,100,515
spark.perf.GroupBy,50,50,1000000,100,100,610
spark.perf.GroupBy,50,50,1000000,1000,100,534
spark.perf.GroupBy,50,50,1000000,10000,100,601
spark.perf.GroupBy,50,50,10000000,100,100,2093
spark.perf.GroupBy,50,50,10000000,1000,100,1771
spark.perf.GroupBy,50,50,10000000,10000,100,3583
spark.perf.GroupBy,50,50,50000000,100,100,9384
spark.perf.GroupBy,50,50,50000000,1000,100,8926
spark.perf.GroupBy,50,50,50000000,10000,100,8109
spark.perf.GroupBy,50,50,100000000,100,100,23110
spark.perf.GroupBy,50,50,100000000,1000,100,17566
spark.perf.GroupBy,50,50,100000000,10000,100,18233
spark.perf.GroupBy,50,500,100000,100,100,1642
spark.perf.GroupBy,50,500,100000,1000,100,1594
spark.perf.GroupBy,50,500,100000,10000,100,1431
spark.perf.GroupBy,50,500,1000000,100,100,1473
spark.perf.GroupBy,50,500,1000000,1000,100,1315
spark.perf.GroupBy,50,500,1000000,10000,100,1506
spark.perf.GroupBy,50,500,10000000,100,100,5126
spark.perf.GroupBy,50,500,10000000,1000,100,3546
spark.perf.GroupBy,50,500,10000000,10000,100,3613
spark.perf.GroupBy,50,500,50000000,100,100,14774
spark.perf.GroupBy,50,500,50000000,1000,100,16408
spark.perf.GroupBy,50,500,50000000,10000,100,16096
spark.perf.GroupBy,50,500,100000000,100,100,21828
spark.perf.GroupBy,50,500,100000000,1000,100,21996
spark.perf.GroupBy,50,500,100000000,10000,100,19735
spark.perf.GroupBy,500,10,100000,100,100,1367
spark.perf.GroupBy,500,10,100000,1000,100,1186
spark.perf.GroupBy,500,10,100000,10000,100,1311
spark.perf.GroupBy,500,10,1000000,100,100,1453
spark.perf.GroupBy,500,10,1000000,1000,100,1767
spark.perf.GroupBy,500,10,1000000,10000,100,1791
spark.perf.GroupBy,500,10,10000000,100,100,3948
spark.perf.GroupBy,500,10,10000000,1000,100,5503
spark.perf.GroupBy,500,10,10000000,10000,100,4691
spark.perf.GroupBy,500,10,50000000,100,100,10984
spark.perf.GroupBy,500,10,50000000,1000,100,9720
spark.perf.GroupBy,500,10,50000000,10000,100,13564
spark.perf.GroupBy,500,10,100000000,100,100,25575
spark.perf.GroupBy,500,10,100000000,1000,100,25794
spark.perf.GroupBy,500,10,100000000,10000,100,27544
spark.perf.GroupBy,500,50,100000,100,100,2083
spark.perf.GroupBy,500,50,100000,1000,100,1488
spark.perf.GroupBy,500,50,100000,10000,100,1477
spark.perf.GroupBy,500,50,1000000,100,100,1451
spark.perf.GroupBy,500,50,1000000,1000,100,1660
spark.perf.GroupBy,500,50,1000000,10000,100,1879
spark.perf.GroupBy,500,50,10000000,100,100,2690
spark.perf.GroupBy,500,50,10000000,1000,100,3752
spark.perf.GroupBy,500,50,10000000,10000,100,4099
spark.perf.GroupBy,500,50,50000000,100,100,9582
spark.perf.GroupBy,500,50,50000000,1000,100,13665
spark.perf.GroupBy,500,50,50000000,10000,100,10621
spark.perf.GroupBy,500,50,100000000,100,100,21731
spark.perf.GroupBy,500,50,100000000,1000,100,23842
spark.perf.GroupBy,500,50,100000000,10000,100,23241
spark.perf.GroupBy,500,500,100000,100,100,11161
spark.perf.GroupBy,500,500,100000,1000,100,6383
spark.perf.GroupBy,500,500,100000,10000,100,10104
spark.perf.GroupBy,500,500,1000000,100,100,8681
spark.perf.GroupBy,500,500,1000000,1000,100,8610
spark.perf.GroupBy,500,500,1000000,10000,100,14707
spark.perf.GroupBy,500,500,10000000,100,100,8604
spark.perf.GroupBy,500,500,10000000,1000,100,13651
spark.perf.GroupBy,500,500,10000000,10000,100,13454
spark.perf.GroupBy,500,500,50000000,100,100,22966
spark.perf.GroupBy,500,500,50000000,1000,100,33839
spark.perf.GroupBy,500,500,50000000,10000,100,34459
spark.perf.GroupBy,500,500,100000000,100,100,52374
spark.perf.GroupBy,500,500,100000000,1000,100,36406
spark.perf.GroupBy,500,500,100000000,10000,100,43243
spark.perf.KMeans,10,10,10000,10,5041
spark.perf.KMeans,10,10,100000,10,3444
spark.perf.KMeans,10,10,1000000,10,3261
spark.perf.KMeans,10,10,10000000,10,15626
spark.perf.KMeans,10,10,50000000,10,25993
spark.perf.KMeans,10,50,10000,10,1446
spark.perf.KMeans,10,50,100000,10,1473
spark.perf.KMeans,10,50,1000000,10,5980
spark.perf.KMeans,10,50,10000000,10,9692
spark.perf.KMeans,10,50,50000000,10,48185
spark.perf.KMeans,10,500,10000,10,1417
spark.perf.KMeans,10,500,100000,10,2128
spark.perf.KMeans,10,500,1000000,10,2026
spark.perf.KMeans,10,500,10000000,10,7362
spark.perf.KMeans,10,500,50000000,10,53089
spark.perf.KMeans,50,10,10000,10,2262
spark.perf.KMeans,50,10,100000,10,2804
spark.perf.KMeans,50,10,1000000,10,2348
spark.perf.KMeans,50,10,10000000,10,2848
spark.perf.KMeans,50,10,50000000,10,7679
spark.perf.KMeans,50,50,10000,10,2166
spark.perf.KMeans,50,50,100000,10,2011
spark.perf.KMeans,50,50,1000000,10,2408
spark.perf.KMeans,50,50,10000000,10,4605
spark.perf.KMeans,50,50,50000000,10,9374
spark.perf.KMeans,50,500,10000,10,1843
spark.perf.KMeans,50,500,100000,10,2821
spark.perf.KMeans,50,500,1000000,10,1543
spark.perf.KMeans,50,500,10000000,10,2281
spark.perf.KMeans,50,500,50000000,10,7843
spark.perf.KMeans,500,10,10000,10,12459
spark.perf.KMeans,500,10,100000,10,24398
spark.perf.KMeans,500,10,1000000,10,12471
spark.perf.KMeans,500,10,10000000,10,7925
spark.perf.KMeans,500,10,50000000,10,9835
spark.perf.KMeans,500,50,10000,10,10897
spark.perf.KMeans,500,50,100000,10,9372
spark.perf.KMeans,500,50,1000000,10,11414
spark.perf.KMeans,500,50,10000000,10,9576
spark.perf.KMeans,500,50,50000000,10,17643
spark.perf.KMeans,500,500,10000,10,11369
spark.perf.KMeans,500,500,100000,10,8135
spark.perf.KMeans,500,500,1000000,10,14203
spark.perf.KMeans,500,500,10000000,10,11066
spark.perf.KMeans,500,500,50000000,10,19584
spark.perf.LogReg,10,10,10000,10,TIMEOUT
spark.perf.LogReg,10,10,100000,10,1149
spark.perf.LogReg,10,10,1000000,10,2067
spark.perf.LogReg,10,10,10000000,10,9663
spark.perf.LogReg,10,10,50000000,10,45024
spark.perf.LogReg,10,50,10000,10,1082
spark.perf.LogReg,10,50,100000,10,1151
spark.perf.LogReg,10,50,1000000,10,2193
spark.perf.LogReg,10,50,10000000,10,9914
spark.perf.LogReg,10,50,50000000,10,45749
spark.perf.LogReg,10,500,10000,10,1105
spark.perf.LogReg,10,500,100000,10,1217
spark.perf.LogReg,10,500,1000000,10,2087
spark.perf.LogReg,10,500,10000000,10,9833
spark.perf.LogReg,10,500,50000000,10,45266
spark.perf.LogReg,50,10,10000,10,1627
spark.perf.LogReg,50,10,100000,10,1816
spark.perf.LogReg,50,10,1000000,10,2012
spark.perf.LogReg,50,10,10000000,10,5315
spark.perf.LogReg,50,10,50000000,10,21799
spark.perf.LogReg,50,50,10000,10,1755
spark.perf.LogReg,50,50,100000,10,1636
spark.perf.LogReg,50,50,1000000,10,2170
spark.perf.LogReg,50,50,10000000,10,5377
spark.perf.LogReg,50,50,50000000,10,21113
spark.perf.LogReg,50,500,10000,10,1705
spark.perf.LogReg,50,500,100000,10,1644
spark.perf.LogReg,50,500,1000000,10,1937
spark.perf.LogReg,50,500,10000000,10,4931
spark.perf.LogReg,50,500,50000000,10,21525
spark.perf.LogReg,500,10,10000,10,10006
spark.perf.LogReg,500,10,100000,10,9641
spark.perf.LogReg,500,10,1000000,10,9989
spark.perf.LogReg,500,10,10000000,10,10726
spark.perf.LogReg,500,10,50000000,10,21407
spark.perf.LogReg,500,50,10000,10,9230
spark.perf.LogReg,500,50,100000,10,9804
spark.perf.LogReg,500,50,1000000,10,9436
spark.perf.LogReg,500,50,10000000,10,TIMEOUT
spark.perf.LogReg,500,50,50000000,10,20394
spark.perf.LogReg,500,500,10000,10,9322
spark.perf.LogReg,500,500,100000,10,9862
spark.perf.LogReg,500,500,1000000,10,9729
spark.perf.LogReg,500,500,10000000,10,11750
spark.perf.LogReg,500,500,50000000,10,21170
spark.perf.SimpleSum,10,10,100
spark.perf.SimpleSum,10,50,99
spark.perf.SimpleSum,10,500,101
spark.perf.SimpleSum,50,10,195
spark.perf.SimpleSum,50,50,198
spark.perf.SimpleSum,50,500,191
spark.perf.SimpleSum,500,10,1057
spark.perf.SimpleSum,500,50,1032
spark.perf.SimpleSum,500,500,976
spark.perf.SortBy,10,10,100000,100,100,366
spark.perf.SortBy,10,10,100000,1000,100,422
spark.perf.SortBy,10,10,100000,10000,100,371
spark.perf.SortBy,10,10,1000000,100,100,1303
spark.perf.SortBy,10,10,1000000,1000,100,1318
spark.perf.SortBy,10,10,1000000,10000,100,1372
spark.perf.SortBy,10,10,10000000,100,100,9330
spark.perf.SortBy,10,10,10000000,1000,100,9326
spark.perf.SortBy,10,10,10000000,10000,100,9307
spark.perf.SortBy,10,10,50000000,100,100,48173
spark.perf.SortBy,10,10,50000000,1000,100,51810
spark.perf.SortBy,10,10,50000000,10000,100,58340
spark.perf.SortBy,10,10,100000000,100,100,112334
spark.perf.SortBy,10,10,100000000,1000,100,148904
spark.perf.SortBy,10,10,100000000,10000,100,127448
spark.perf.SortBy,10,50,100000,100,100,340
spark.perf.SortBy,10,50,100000,1000,100,360
spark.perf.SortBy,10,50,100000,10000,100,391
spark.perf.SortBy,10,50,1000000,100,100,1229
spark.perf.SortBy,10,50,1000000,1000,100,1269
spark.perf.SortBy,10,50,1000000,10000,100,1349
spark.perf.SortBy,10,50,10000000,100,100,10167
spark.perf.SortBy,10,50,10000000,1000,100,9445
spark.perf.SortBy,10,50,10000000,10000,100,9948
spark.perf.SortBy,10,50,50000000,100,100,49882
spark.perf.SortBy,10,50,50000000,1000,100,56559
spark.perf.SortBy,10,50,50000000,10000,100,52467
spark.perf.SortBy,10,50,100000000,100,100,114960
spark.perf.SortBy,10,50,100000000,1000,100,119902
spark.perf.SortBy,10,50,100000000,10000,100,122789
spark.perf.SortBy,10,500,100000,100,100,368
spark.perf.SortBy,10,500,100000,1000,100,375
spark.perf.SortBy,10,500,100000,10000,100,415
spark.perf.SortBy,10,500,1000000,100,100,1502
spark.perf.SortBy,10,500,1000000,1000,100,1255
spark.perf.SortBy,10,500,1000000,10000,100,1262
spark.perf.SortBy,10,500,10000000,100,100,9094
spark.perf.SortBy,10,500,10000000,1000,100,9578
spark.perf.SortBy,10,500,10000000,10000,100,9593
spark.perf.SortBy,10,500,50000000,100,100,45767
spark.perf.SortBy,10,500,50000000,1000,100,52103
spark.perf.SortBy,10,500,50000000,10000,100,55675
spark.perf.SortBy,10,500,100000000,100,100,114275
spark.perf.SortBy,10,500,100000000,1000,100,126166
spark.perf.SortBy,10,500,100000000,10000,100,120916
spark.perf.SortBy,50,10,100000,100,100,750
spark.perf.SortBy,50,10,100000,1000,100,722
spark.perf.SortBy,50,10,100000,10000,100,732
spark.perf.SortBy,50,10,1000000,100,100,877
spark.perf.SortBy,50,10,1000000,1000,100,949
spark.perf.SortBy,50,10,1000000,10000,100,928
spark.perf.SortBy,50,10,10000000,100,100,5331
spark.perf.SortBy,50,10,10000000,1000,100,6760
spark.perf.SortBy,50,10,10000000,10000,100,TIMEOUT
spark.perf.SortBy,50,10,50000000,100,100,14966
spark.perf.SortBy,50,10,50000000,1000,100,15680
spark.perf.SortBy,50,10,50000000,10000,100,16024
spark.perf.SortBy,50,10,100000000,100,100,26461
spark.perf.SortBy,50,10,100000000,1000,100,27435
spark.perf.SortBy,50,10,100000000,10000,100,27173
spark.perf.SortBy,50,50,100000,100,100,747
spark.perf.SortBy,50,50,100000,1000,100,842
spark.perf.SortBy,50,50,100000,10000,100,700
spark.perf.SortBy,50,50,1000000,100,100,1217
spark.perf.SortBy,50,50,1000000,1000,100,971
spark.perf.SortBy,50,50,1000000,10000,100,962
spark.perf.SortBy,50,50,10000000,100,100,5815
spark.perf.SortBy,50,50,10000000,1000,100,5875
spark.perf.SortBy,50,50,10000000,10000,100,5683
spark.perf.SortBy,50,50,50000000,100,100,14674
spark.perf.SortBy,50,50,50000000,1000,100,12890
spark.perf.SortBy,50,50,50000000,10000,100,14767
spark.perf.SortBy,50,50,100000000,100,100,34693
spark.perf.SortBy,50,50,100000000,1000,100,28409
spark.perf.SortBy,50,50,100000000,10000,100,32035
spark.perf.SortBy,50,500,100000,100,100,759
spark.perf.SortBy,50,500,100000,1000,100,709
spark.perf.SortBy,50,500,100000,10000,100,860
spark.perf.SortBy,50,500,1000000,100,100,980
spark.perf.SortBy,50,500,1000000,1000,100,866
spark.perf.SortBy,50,500,1000000,10000,100,954
spark.perf.SortBy,50,500,10000000,100,100,6431
spark.perf.SortBy,50,500,10000000,1000,100,5082
spark.perf.SortBy,50,500,10000000,10000,100,6833
spark.perf.SortBy,50,500,50000000,100,100,13610
spark.perf.SortBy,50,500,50000000,1000,100,15906
spark.perf.SortBy,50,500,50000000,10000,100,14888
spark.perf.SortBy,50,500,100000000,100,100,29577
spark.perf.SortBy,50,500,100000000,1000,100,29851
spark.perf.SortBy,50,500,100000000,10000,100,28580
spark.perf.SortBy,500,10,100000,100,100,16492
spark.perf.SortBy,500,10,100000,1000,100,11235
spark.perf.SortBy,500,10,100000,10000,100,12818
spark.perf.SortBy,500,10,1000000,100,100,14438
spark.perf.SortBy,500,10,1000000,1000,100,14576
spark.perf.SortBy,500,10,1000000,10000,100,12633
spark.perf.SortBy,500,10,10000000,100,100,18283
spark.perf.SortBy,500,10,10000000,1000,100,19147
spark.perf.SortBy,500,10,10000000,10000,100,17210
spark.perf.SortBy,500,10,50000000,100,100,38411
spark.perf.SortBy,500,10,50000000,1000,100,37294
spark.perf.SortBy,500,10,50000000,10000,100,37337
spark.perf.SortBy,500,10,100000000,100,100,46068
spark.perf.SortBy,500,10,100000000,1000,100,49242
spark.perf.SortBy,500,10,100000000,10000,100,49124
spark.perf.SortBy,500,50,100000,100,100,12346
spark.perf.SortBy,500,50,100000,1000,100,14958
spark.perf.SortBy,500,50,100000,10000,100,13773
spark.perf.SortBy,500,50,1000000,100,100,7752
spark.perf.SortBy,500,50,1000000,1000,100,10736
spark.perf.SortBy,500,50,1000000,10000,100,15355
spark.perf.SortBy,500,50,10000000,100,100,19578
spark.perf.SortBy,500,50,10000000,1000,100,15029
spark.perf.SortBy,500,50,10000000,10000,100,17567
spark.perf.SortBy,500,50,50000000,100,100,40981
spark.perf.SortBy,500,50,50000000,1000,100,35887
spark.perf.SortBy,500,50,50000000,10000,100,34649
spark.perf.SortBy,500,50,100000000,100,100,44373
spark.perf.SortBy,500,50,100000000,1000,100,51145
spark.perf.SortBy,500,50,100000000,10000,100,66609
spark.perf.SortBy,500,500,100000,100,100,14735
spark.perf.SortBy,500,500,100000,1000,100,9868
spark.perf.SortBy,500,500,100000,10000,100,10571
spark.perf.SortBy,500,500,1000000,100,100,14700
spark.perf.SortBy,500,500,1000000,1000,100,7054
spark.perf.SortBy,500,500,1000000,10000,100,15308
spark.perf.SortBy,500,500,10000000,100,100,20704
spark.perf.SortBy,500,500,10000000,1000,100,18299
spark.perf.SortBy,500,500,10000000,10000,100,19297
spark.perf.SortBy,500,500,50000000,100,100,41281
spark.perf.SortBy,500,500,50000000,1000,100,35732
spark.perf.SortBy,500,500,50000000,10000,100,35641
spark.perf.SortBy,500,500,100000000,100,100,54609
spark.perf.SortBy,500,500,100000000,1000,100,48273
spark.perf.SortBy,500,500,100000000,10000,100,62890
